

================================================================
== Vitis HLS Report for 'blockmatmul'
================================================================
* Date:           Tue Mar 22 16:45:10 2022

* Version:        2021.2 (Build 3367213 on Tue Oct 19 02:48:09 MDT 2021)
* Project:        matrix_multiplication
* Solution:       solution1 (Vivado IP Flow Target)
* Product family: zynq
* Target device:  xc7z020-clg400-1


================================================================
== Performance Estimates
================================================================
+ Timing: 
    * Summary: 
    +--------+----------+----------+------------+
    |  Clock |  Target  | Estimated| Uncertainty|
    +--------+----------+----------+------------+
    |ap_clk  |  10.00 ns|  7.196 ns|     2.70 ns|
    +--------+----------+----------+------------+

+ Latency: 
    * Summary: 
    +---------+---------+----------+----------+-----+-----+----------+
    |  Latency (cycles) |  Latency (absolute) |  Interval | Pipeline |
    |   min   |   max   |    min   |    max   | min | max |   Type   |
    +---------+---------+----------+----------+-----+-----+----------+
    |      221|      301|  2.210 us|  3.010 us|  222|  302|  dataflow|
    +---------+---------+----------+----------+-----+-----+----------+

    + Detail: 
        * Instance: 
        +--------------------------+-----------------------+---------+---------+----------+----------+-----+-----+---------+
        |                          |                       |  Latency (cycles) |  Latency (absolute) |  Interval | Pipeline|
        |         Instance         |         Module        |   min   |   max   |    min   |    max   | min | max |   Type  |
        +--------------------------+-----------------------+---------+---------+----------+----------+-----+-----+---------+
        |Loop_1_proc1_U0           |Loop_1_proc1           |      221|      301|  2.210 us|  3.010 us|  221|  301|       no|
        |Loop_writeoutput_proc_U0  |Loop_writeoutput_proc  |       16|       16|  0.160 us|  0.160 us|   16|   16|       no|
        +--------------------------+-----------------------+---------+---------+----------+----------+-----+-----+---------+

        * Loop: 
        N/A



================================================================
== Utilization Estimates
================================================================
* Summary: 
+-----------------+---------+-----+--------+-------+-----+
|       Name      | BRAM_18K| DSP |   FF   |  LUT  | URAM|
+-----------------+---------+-----+--------+-------+-----+
|DSP              |        -|    -|       -|      -|    -|
|Expression       |        -|    -|       0|     12|    -|
|FIFO             |        -|    -|       -|      -|    -|
|Instance         |        1|    3|    9312|  33987|    0|
|Memory           |        0|    -|     128|     16|    0|
|Multiplexer      |        -|    -|       -|     18|    -|
|Register         |        -|    -|       2|      -|    -|
+-----------------+---------+-----+--------+-------+-----+
|Total            |        1|    3|    9442|  34033|    0|
+-----------------+---------+-----+--------+-------+-----+
|Available        |      280|  220|  106400|  53200|    0|
+-----------------+---------+-----+--------+-------+-----+
|Utilization (%)  |       ~0|    1|       8|     63|    0|
+-----------------+---------+-----+--------+-------+-----+

+ Detail: 
    * Instance: 
    +--------------------------+-----------------------+---------+----+------+-------+-----+
    |         Instance         |         Module        | BRAM_18K| DSP|  FF  |  LUT  | URAM|
    +--------------------------+-----------------------+---------+----+------+-------+-----+
    |Loop_1_proc1_U0           |Loop_1_proc1           |        1|   3|   656|    821|    0|
    |Loop_writeoutput_proc_U0  |Loop_writeoutput_proc  |        0|   0|  8656|  33166|    0|
    +--------------------------+-----------------------+---------+----+------+-------+-----+
    |Total                     |                       |        1|   3|  9312|  33987|    0|
    +--------------------------+-----------------------+---------+----+------+-------+-----+

    * DSP: 
    N/A

    * Memory: 
    +-------+------------------+---------+-----+----+-----+------+-----+------+-------------+
    | Memory|      Module      | BRAM_18K|  FF | LUT| URAM| Words| Bits| Banks| W*Bits*Banks|
    +-------+------------------+---------+-----+----+-----+------+-----+------+-------------+
    |AB_U   |AB_RAM_AUTO_1R1W  |        0|  128|  16|    0|    16|   32|     1|          512|
    +-------+------------------+---------+-----+----+-----+------+-----+------+-------------+
    |Total  |                  |        0|  128|  16|    0|    16|   32|     1|          512|
    +-------+------------------+---------+-----+----+-----+------+-----+------+-------------+

    * FIFO: 
    N/A

    * Expression: 
    +-------------------------------------------+----------+----+---+----+------------+------------+
    |               Variable Name               | Operation| DSP| FF| LUT| Bitwidth P0| Bitwidth P1|
    +-------------------------------------------+----------+----+---+----+------------+------------+
    |Loop_1_proc1_U0_ap_start                   |       and|   0|  0|   2|           1|           1|
    |Loop_writeoutput_proc_U0_ap_start          |       and|   0|  0|   2|           1|           1|
    |ap_idle                                    |       and|   0|  0|   2|           1|           1|
    |ap_sync_ready                              |       and|   0|  0|   2|           1|           1|
    |ap_sync_Loop_1_proc1_U0_ap_ready           |        or|   0|  0|   2|           1|           1|
    |ap_sync_Loop_writeoutput_proc_U0_ap_ready  |        or|   0|  0|   2|           1|           1|
    +-------------------------------------------+----------+----+---+----+------------+------------+
    |Total                                      |          |   0|  0|  12|           6|           6|
    +-------------------------------------------+----------+----+---+----+------------+------------+

    * Multiplexer: 
    +-----------------------------------------------+----+-----------+-----+-----------+
    |                      Name                     | LUT| Input Size| Bits| Total Bits|
    +-----------------------------------------------+----+-----------+-----+-----------+
    |ap_sync_reg_Loop_1_proc1_U0_ap_ready           |   9|          2|    1|          2|
    |ap_sync_reg_Loop_writeoutput_proc_U0_ap_ready  |   9|          2|    1|          2|
    +-----------------------------------------------+----+-----------+-----+-----------+
    |Total                                          |  18|          4|    2|          4|
    +-----------------------------------------------+----+-----------+-----+-----------+

    * Register: 
    +-----------------------------------------------+---+----+-----+-----------+
    |                      Name                     | FF| LUT| Bits| Const Bits|
    +-----------------------------------------------+---+----+-----+-----------+
    |ap_sync_reg_Loop_1_proc1_U0_ap_ready           |  1|   0|    1|          0|
    |ap_sync_reg_Loop_writeoutput_proc_U0_ap_ready  |  1|   0|    1|          0|
    +-----------------------------------------------+---+----+-----+-----------+
    |Total                                          |  2|   0|    2|          0|
    +-----------------------------------------------+---+----+-----+-----------+



================================================================
== Interface
================================================================
* Summary: 
+--------------------+-----+-----+------------+--------------+--------------+
|      RTL Ports     | Dir | Bits|  Protocol  | Source Object|    C Type    |
+--------------------+-----+-----+------------+--------------+--------------+
|ap_local_block      |  out|    1|  ap_ctrl_hs|   blockmatmul|  return value|
|ap_local_deadlock   |  out|    1|  ap_ctrl_hs|   blockmatmul|  return value|
|ap_clk              |   in|    1|  ap_ctrl_hs|   blockmatmul|  return value|
|ap_rst              |   in|    1|  ap_ctrl_hs|   blockmatmul|  return value|
|ap_start            |   in|    1|  ap_ctrl_hs|   blockmatmul|  return value|
|ap_done             |  out|    1|  ap_ctrl_hs|   blockmatmul|  return value|
|ap_ready            |  out|    1|  ap_ctrl_hs|   blockmatmul|  return value|
|ap_idle             |  out|    1|  ap_ctrl_hs|   blockmatmul|  return value|
|Arows_dout          |   in|  128|     ap_fifo|         Arows|       pointer|
|Arows_empty_n       |   in|    1|     ap_fifo|         Arows|       pointer|
|Arows_read          |  out|    1|     ap_fifo|         Arows|       pointer|
|Bcols_dout          |   in|  128|     ap_fifo|         Bcols|       pointer|
|Bcols_empty_n       |   in|    1|     ap_fifo|         Bcols|       pointer|
|Bcols_read          |  out|    1|     ap_fifo|         Bcols|       pointer|
|ABpartial_i         |   in|  512|     ap_ovld|     ABpartial|       pointer|
|ABpartial_o         |  out|  512|     ap_ovld|     ABpartial|       pointer|
|ABpartial_o_ap_vld  |  out|    1|     ap_ovld|     ABpartial|       pointer|
|it                  |   in|   32|     ap_none|            it|        scalar|
+--------------------+-----+-----+------------+--------------+--------------+

